<?xml version="1.0" encoding="UTF-8"?>
<testng-results ignored="0" total="5" passed="4" failed="1" skipped="0">
  <reporter-output>
  </reporter-output>
  <suite started-at="2024-12-17T16:06:37 IST" name="Suite" finished-at="2024-12-17T16:07:08 IST" duration-ms="30988">
    <groups>
      <group name="ErrorHandling">
        <method signature="ErrorValidation.loginErrorValidation()[pri:0, instance:Framework.SeleniumFramework.ErrorValidation@24c1b2d2]" name="loginErrorValidation" class="Framework.SeleniumFramework.ErrorValidation"/>
      </group> <!-- ErrorHandling -->
      <group name="Purchase">
        <method signature="EndToEndTestcase.endToEndTest(java.util.HashMap)[pri:0, instance:Framework.SeleniumFramework.EndToEndTestcase@5745ca0e]" name="endToEndTest" class="Framework.SeleniumFramework.EndToEndTestcase"/>
      </group> <!-- Purchase -->
    </groups>
    <test started-at="2024-12-17T16:06:37 IST" name="Error Validation" finished-at="2024-12-17T16:06:59 IST" duration-ms="22138">
      <class name="Framework.SeleniumFramework.ErrorValidation">
        <test-method is-config="true" signature="launchApplication()[pri:0, instance:Framework.SeleniumFramework.ErrorValidation@24c1b2d2]" started-at="2024-12-17T16:06:37 IST" name="launchApplication" finished-at="2024-12-17T16:06:50 IST" duration-ms="12692" status="PASS">
          <reporter-output>
          </reporter-output>
        </test-method> <!-- launchApplication -->
        <test-method signature="loginErrorValidation()[pri:0, instance:Framework.SeleniumFramework.ErrorValidation@24c1b2d2]" started-at="2024-12-17T16:06:50 IST" name="loginErrorValidation" finished-at="2024-12-17T16:06:51 IST" duration-ms="1038" status="FAIL">
          <exception class="java.lang.AssertionError">
            <message>
              <![CDATA[expected [Incorrect email or password.] but found [Incorrect email or password]]]>
            </message>
            <full-stacktrace>
              <![CDATA[java.lang.AssertionError: expected [Incorrect email or password.] but found [Incorrect email or password]
at org.testng.Assert.fail(Assert.java:99)
at org.testng.Assert.failNotEquals(Assert.java:1037)
at org.testng.Assert.assertEqualsImpl(Assert.java:140)
at org.testng.Assert.assertEquals(Assert.java:122)
at org.testng.Assert.assertEquals(Assert.java:629)
at org.testng.Assert.assertEquals(Assert.java:639)
at Framework.SeleniumFramework.ErrorValidation.loginErrorValidation(ErrorValidation.java:19)
at java.base/jdk.internal.reflect.DirectMethodHandleAccessor.invoke(DirectMethodHandleAccessor.java:103)
at java.base/java.lang.reflect.Method.invoke(Method.java:580)
at org.testng.internal.MethodInvocationHelper.invokeMethod(MethodInvocationHelper.java:133)
at org.testng.internal.TestInvoker.invokeMethod(TestInvoker.java:598)
at org.testng.internal.TestInvoker.invokeTestMethod(TestInvoker.java:173)
at org.testng.internal.MethodRunner.runInSequence(MethodRunner.java:46)
at org.testng.internal.TestInvoker$MethodInvocationAgent.invoke(TestInvoker.java:824)
at org.testng.internal.TestInvoker.invokeTestMethods(TestInvoker.java:146)
at org.testng.internal.TestMethodWorker.invokeTestMethods(TestMethodWorker.java:146)
at org.testng.internal.TestMethodWorker.run(TestMethodWorker.java:128)
at java.base/java.util.ArrayList.forEach(ArrayList.java:1596)
at org.testng.TestRunner.privateRun(TestRunner.java:794)
at org.testng.TestRunner.run(TestRunner.java:596)
at org.testng.SuiteRunner.runTest(SuiteRunner.java:377)
at org.testng.SuiteRunner.access$000(SuiteRunner.java:28)
at org.testng.SuiteRunner$SuiteWorker.run(SuiteRunner.java:418)
at org.testng.internal.thread.ThreadUtil.lambda$execute$0(ThreadUtil.java:64)
at java.base/java.util.concurrent.FutureTask.run(FutureTask.java:317)
at java.base/java.util.concurrent.ThreadPoolExecutor.runWorker(ThreadPoolExecutor.java:1144)
at java.base/java.util.concurrent.ThreadPoolExecutor$Worker.run(ThreadPoolExecutor.java:642)
at java.base/java.lang.Thread.run(Thread.java:1583)
]]>
            </full-stacktrace>
          </exception> <!-- java.lang.AssertionError -->
          <reporter-output>
          </reporter-output>
        </test-method> <!-- loginErrorValidation -->
        <test-method is-config="true" signature="closeApplication()[pri:0, instance:Framework.SeleniumFramework.ErrorValidation@24c1b2d2]" started-at="2024-12-17T16:06:51 IST" name="closeApplication" finished-at="2024-12-17T16:06:51 IST" duration-ms="199" status="PASS">
          <reporter-output>
          </reporter-output>
        </test-method> <!-- closeApplication -->
        <test-method is-config="true" signature="launchApplication()[pri:0, instance:Framework.SeleniumFramework.ErrorValidation@24c1b2d2]" started-at="2024-12-17T16:06:51 IST" name="launchApplication" finished-at="2024-12-17T16:06:56 IST" duration-ms="4777" status="PASS">
          <reporter-output>
          </reporter-output>
        </test-method> <!-- launchApplication -->
        <test-method signature="productErrorValidation()[pri:0, instance:Framework.SeleniumFramework.ErrorValidation@24c1b2d2]" started-at="2024-12-17T16:06:56 IST" name="productErrorValidation" finished-at="2024-12-17T16:06:59 IST" duration-ms="3115" status="PASS">
          <reporter-output>
          </reporter-output>
        </test-method> <!-- productErrorValidation -->
        <test-method is-config="true" signature="closeApplication()[pri:0, instance:Framework.SeleniumFramework.ErrorValidation@24c1b2d2]" started-at="2024-12-17T16:06:59 IST" name="closeApplication" finished-at="2024-12-17T16:06:59 IST" duration-ms="220" status="PASS">
          <reporter-output>
          </reporter-output>
        </test-method> <!-- closeApplication -->
      </class> <!-- Framework.SeleniumFramework.ErrorValidation -->
    </test> <!-- Error Validation -->
    <test started-at="2024-12-17T16:06:37 IST" name="End to End testcase" finished-at="2024-12-17T16:07:08 IST" duration-ms="30988">
      <class name="Framework.SeleniumFramework.EndToEndTestcase">
        <test-method is-config="true" signature="launchApplication()[pri:0, instance:Framework.SeleniumFramework.EndToEndTestcase@5745ca0e]" started-at="2024-12-17T16:06:38 IST" name="launchApplication" finished-at="2024-12-17T16:06:50 IST" duration-ms="12510" status="PASS">
          <reporter-output>
          </reporter-output>
        </test-method> <!-- launchApplication -->
        <test-method signature="endToEndTest(java.util.HashMap)[pri:0, instance:Framework.SeleniumFramework.EndToEndTestcase@5745ca0e]" started-at="2024-12-17T16:06:50 IST" name="endToEndTest" data-provider="getData" finished-at="2024-12-17T16:06:55 IST" duration-ms="4748" status="PASS">
          <params>
            <param index="0">
              <value>
                <![CDATA[{password=Abcd@#1234, email=abcdkhan@gmail.com, productName=ZARA COAT 3}]]>
              </value>
            </param>
          </params>
          <reporter-output>
          </reporter-output>
        </test-method> <!-- endToEndTest -->
        <test-method is-config="true" signature="closeApplication()[pri:0, instance:Framework.SeleniumFramework.EndToEndTestcase@5745ca0e]" started-at="2024-12-17T16:06:55 IST" name="closeApplication" finished-at="2024-12-17T16:06:55 IST" duration-ms="241" status="PASS">
          <reporter-output>
          </reporter-output>
        </test-method> <!-- closeApplication -->
        <test-method is-config="true" signature="launchApplication()[pri:0, instance:Framework.SeleniumFramework.EndToEndTestcase@5745ca0e]" started-at="2024-12-17T16:06:55 IST" name="launchApplication" finished-at="2024-12-17T16:06:59 IST" duration-ms="3314" status="PASS">
          <reporter-output>
          </reporter-output>
        </test-method> <!-- launchApplication -->
        <test-method signature="endToEndTest(java.util.HashMap)[pri:0, instance:Framework.SeleniumFramework.EndToEndTestcase@5745ca0e]" started-at="2024-12-17T16:06:59 IST" name="endToEndTest" data-provider="getData" finished-at="2024-12-17T16:07:04 IST" duration-ms="5090" status="PASS">
          <params>
            <param index="0">
              <value>
                <![CDATA[{password=Iamking@000, email=shetty@gmail.com, productName=ADIDAS ORIGINAL}]]>
              </value>
            </param>
          </params>
          <reporter-output>
          </reporter-output>
        </test-method> <!-- endToEndTest -->
        <test-method is-config="true" signature="closeApplication()[pri:0, instance:Framework.SeleniumFramework.EndToEndTestcase@5745ca0e]" started-at="2024-12-17T16:07:04 IST" name="closeApplication" finished-at="2024-12-17T16:07:04 IST" duration-ms="184" status="PASS">
          <reporter-output>
          </reporter-output>
        </test-method> <!-- closeApplication -->
        <test-method is-config="true" signature="launchApplication()[pri:0, instance:Framework.SeleniumFramework.EndToEndTestcase@5745ca0e]" started-at="2024-12-17T16:07:04 IST" name="launchApplication" finished-at="2024-12-17T16:07:07 IST" duration-ms="3175" status="PASS">
          <reporter-output>
          </reporter-output>
        </test-method> <!-- launchApplication -->
        <test-method signature="viewOrderHistory()[pri:0, instance:Framework.SeleniumFramework.EndToEndTestcase@5745ca0e]" started-at="2024-12-17T16:07:07 IST" name="viewOrderHistory" finished-at="2024-12-17T16:07:08 IST" depends-on-methods="Framework.SeleniumFramework.EndToEndTestcase.endToEndTest" duration-ms="898" status="PASS">
          <reporter-output>
          </reporter-output>
        </test-method> <!-- viewOrderHistory -->
        <test-method is-config="true" signature="closeApplication()[pri:0, instance:Framework.SeleniumFramework.EndToEndTestcase@5745ca0e]" started-at="2024-12-17T16:07:08 IST" name="closeApplication" finished-at="2024-12-17T16:07:08 IST" duration-ms="160" status="PASS">
          <reporter-output>
          </reporter-output>
        </test-method> <!-- closeApplication -->
      </class> <!-- Framework.SeleniumFramework.EndToEndTestcase -->
    </test> <!-- End to End testcase -->
  </suite> <!-- Suite -->
</testng-results>
